  Assignment.cpp
C:\Users\marco\Desktop\Marcosano_10541054\Marcosano_10541054\Assignment.cpp(29,4): error C2672: 'getline': no matching overloaded function found
  C:\Program Files\Microsoft Visual Studio\2022\Community\VC\Tools\MSVC\14.39.33519\include\String(82,32):
  could be 'std::basic_istream<_Elem,_Traits> &std::getline(std::basic_istream<_Elem,_Traits> &,std::basic_string<_Elem,_Traits,_Alloc> &)'
  	C:\Users\marco\Desktop\Marcosano_10541054\Marcosano_10541054\Assignment.cpp(29,4):
  	'std::basic_istream<_Elem,_Traits> &std::getline(std::basic_istream<_Elem,_Traits> &,std::basic_string<_Elem,_Traits,_Alloc> &)': expects 2 arguments - 3 provided
  C:\Program Files\Microsoft Visual Studio\2022\Community\VC\Tools\MSVC\14.39.33519\include\String(75,32):
  or       'std::basic_istream<_Elem,_Traits> &std::getline(std::basic_istream<_Elem,_Traits> &,std::basic_string<_Elem,_Traits,_Alloc> &,const _Elem)'
  	C:\Users\marco\Desktop\Marcosano_10541054\Marcosano_10541054\Assignment.cpp(29,4):
  	'std::basic_istream<_Elem,_Traits> &std::getline(std::basic_istream<_Elem,_Traits> &,std::basic_string<_Elem,_Traits,_Alloc> &,const _Elem)': could not deduce template argument for 'std::basic_istream<_Elem,_Traits> &' from 'std::ifstream'
  	C:\Users\marco\Desktop\Marcosano_10541054\Marcosano_10541054\Assignment.cpp(29,4):
  	'std::basic_istream<_Elem,_Traits> &std::getline(std::basic_istream<_Elem,_Traits> &,std::basic_string<_Elem,_Traits,_Alloc> &,const _Elem)': template parameter '_Elem' is ambiguous
  		C:\Users\marco\Desktop\Marcosano_10541054\Marcosano_10541054\Assignment.cpp(29,4):
  		could be 'const char *'
  		C:\Users\marco\Desktop\Marcosano_10541054\Marcosano_10541054\Assignment.cpp(29,4):
  		or       'char'
  	C:\Users\marco\Desktop\Marcosano_10541054\Marcosano_10541054\Assignment.cpp(29,4):
  	'std::basic_istream<_Elem,_Traits> &std::getline(std::basic_istream<_Elem,_Traits> &,std::basic_string<_Elem,_Traits,_Alloc> &,const _Elem)': could not deduce template argument for 'const _Elem' from 'const char [3]'
  C:\Program Files\Microsoft Visual Studio\2022\Community\VC\Tools\MSVC\14.39.33519\include\String(68,32):
  or       'std::basic_istream<_Elem,_Traits> &std::getline(std::basic_istream<_Elem,_Traits> &&,std::basic_string<_Elem,_Traits,_Alloc> &)'
  	C:\Users\marco\Desktop\Marcosano_10541054\Marcosano_10541054\Assignment.cpp(29,4):
  	'std::basic_istream<_Elem,_Traits> &std::getline(std::basic_istream<_Elem,_Traits> &&,std::basic_string<_Elem,_Traits,_Alloc> &)': expects 2 arguments - 3 provided
  C:\Program Files\Microsoft Visual Studio\2022\Community\VC\Tools\MSVC\14.39.33519\include\String(25,32):
  or       'std::basic_istream<_Elem,_Traits> &std::getline(std::basic_istream<_Elem,_Traits> &&,std::basic_string<_Elem,_Traits,_Alloc> &,const _Elem)'
  	C:\Users\marco\Desktop\Marcosano_10541054\Marcosano_10541054\Assignment.cpp(29,4):
  	'std::basic_istream<_Elem,_Traits> &std::getline(std::basic_istream<_Elem,_Traits> &&,std::basic_string<_Elem,_Traits,_Alloc> &,const _Elem)': could not deduce template argument for 'std::basic_istream<_Elem,_Traits> &&' from 'std::ifstream'
  	C:\Users\marco\Desktop\Marcosano_10541054\Marcosano_10541054\Assignment.cpp(29,4):
  	'std::basic_istream<_Elem,_Traits> &std::getline(std::basic_istream<_Elem,_Traits> &&,std::basic_string<_Elem,_Traits,_Alloc> &,const _Elem)': template parameter '_Elem' is ambiguous
  		C:\Users\marco\Desktop\Marcosano_10541054\Marcosano_10541054\Assignment.cpp(29,4):
  		could be 'const char *'
  		C:\Users\marco\Desktop\Marcosano_10541054\Marcosano_10541054\Assignment.cpp(29,4):
  		or       'char'
  	C:\Users\marco\Desktop\Marcosano_10541054\Marcosano_10541054\Assignment.cpp(29,4):
  	'std::basic_istream<_Elem,_Traits> &std::getline(std::basic_istream<_Elem,_Traits> &&,std::basic_string<_Elem,_Traits,_Alloc> &,const _Elem)': could not deduce template argument for 'const _Elem' from 'const char [3]'
  
